Traceback (most recent call last):
  File "/data/hmaaj/miniconda3/lib/python3.9/site-packages/nnsmith/backends/factory.py", line 73, in checked_compile
    return self.checked_make_backend(testcase.model)
  File "/data/hmaaj/miniconda3/lib/python3.9/site-packages/nnsmith/backends/factory.py", line 69, in checked_make_backend
    return self.make_backend(model)
  File "/data/hmaaj/miniconda3/lib/python3.9/site-packages/multipledispatch/dispatcher.py", line 435, in __call__
    return func(self.obj, *args, **kwargs)
  File "/data/hmaaj/miniconda3/lib/python3.9/site-packages/nnsmith/backends/tvm.py", line 77, in make_backend
    executor = relay.build_module.create_executor(
  File "/data/hmaaj/tvm-exp/python/tvm/relay/backend/interpreter.py", line 171, in evaluate
    return self._make_executor()
  File "/data/hmaaj/tvm-exp/python/tvm/relay/build_module.py", line 591, in _make_executor
    mod = build(self.mod, target=self.target)
  File "/data/hmaaj/tvm-exp/python/tvm/relay/build_module.py", line 449, in build
    graph_json, runtime_mod, params = bld_mod.build(
  File "/data/hmaaj/tvm-exp/python/tvm/relay/build_module.py", line 189, in build
    self._build(mod, target, target_host, executor, runtime, mod_name)
  File "/data/hmaaj/tvm-exp/python/tvm/_ffi/_ctypes/packed_func.py", line 237, in __call__
    raise get_last_ffi_error()
tvm._ffi.base.TVMError: Traceback (most recent call last):
  84: TVMFuncCall
  83: _ZNSt17_Function_handlerIFvN3tvm7runtime7TVM
  82: tvm::relay::backend::RelayBuildModule::GetFunction(std::__cxx11::basic_string<char, std::char_traits<char>, std::allocator<char> > const&, tvm::runtime::ObjectPtr<tvm::runtime::Object> const&)::{lambda(tvm::runtime::TVMArgs, tvm::runtime::TVMRetValue*)#3}::operator()(tvm::runtime::TVMArgs, tvm::runtime::TVMRetValue*) const
  81: tvm::relay::backend::RelayBuildModule::BuildRelay(tvm::IRModule, tvm::runtime::String const&)
  80: tvm::relay::backend::ExecutorCodegen::Codegen(tvm::IRModule, tvm::relay::Function const&, tvm::runtime::String)
  79: std::_Function_handler<void (tvm::runtime::TVMArgs, tvm::runtime::TVMRetValue*), tvm::relay::backend::GraphExecutorCodegenModule::GetFunction(std::__cxx11::basic_string<char, std::char_traits<char>, std::allocator<char> > const&, tvm::runtime::ObjectPtr<tvm::runtime::Object> const&)::{lambda(tvm::runtime::TVMArgs, tvm::runtime::TVMRetValue*)#2}>::_M_invoke(std::_Any_data const&, tvm::runtime::TVMArgs&&, tvm::runtime::TVMRetValue*&&)
  78: tvm::relay::backend::GraphExecutorCodegen::Codegen(tvm::IRModule, tvm::relay::Function, tvm::runtime::String)
  77: tvm::transform::Pass::operator()(tvm::IRModule) const
  76: tvm::transform::Pass::operator()(tvm::IRModule, tvm::transform::PassContext const&) const
  75: tvm::transform::SequentialNode::operator()(tvm::IRModule, tvm::transform::PassContext const&) const
  74: tvm::transform::Pass::operator()(tvm::IRModule, tvm::transform::PassContext const&) const
  73: tvm::transform::ModulePassNode::operator()(tvm::IRModule, tvm::transform::PassContext const&) const
  72: std::_Function_handler<void (tvm::runtime::TVMArgs, tvm::runtime::TVMRetValue*), tvm::runtime::TypedPackedFunc<tvm::IRModule (tvm::IRModule, tvm::transform::PassContext)>::AssignTypedLambda<tvm::relay::tec::LowerTEPass(tvm::runtime::String const&, std::function<void (tvm::BaseFunc)>, tvm::VirtualDevice)::{lambda(tvm::IRModule, tvm::transform::PassContext)#1}>(tvm::relay::tec::LowerTEPass(tvm::runtime::String const&, std::function<void (tvm::BaseFunc)>, tvm::VirtualDevice)::{lambda(tvm::IRModule, tvm::transform::PassContext)#1})::{lambda(tvm::runtime::TVMArgs const&, tvm::runtime::TVMRetValue*)#1}>::_M_invoke(std::_Any_data const&, tvm::runtime::TVMArgs&&, tvm::runtime::TVMRetValue*&&)
  71: tvm::relay::tec::LowerTE(tvm::IRModule const&, tvm::runtime::String const&, std::function<void (tvm::BaseFunc)>, tvm::VirtualDevice)
  70: tvm::transform::Pass::operator()(tvm::IRModule) const
  69: tvm::transform::Pass::operator()(tvm::IRModule, tvm::transform::PassContext const&) const
  68: tvm::relay::transform::FunctionPassNode::operator()(tvm::IRModule, tvm::transform::PassContext const&) const
  67: std::_Function_handler<void (tvm::runtime::TVMArgs, tvm::runtime::TVMRetValue*), tvm::runtime::TypedPackedFunc<tvm::relay::Function (tvm::relay::Function, tvm::IRModule, tvm::transform::PassContext)>::AssignTypedLambda<tvm::relay::tec::LowerTensorExpr(tvm::runtime::String const&, tvm::relay::tec::TECompiler, std::function<void (tvm::BaseFunc)>, tvm::VirtualDevice)::{lambda(tvm::relay::Function, tvm::IRModule, tvm::transform::PassContext)#1}>(tvm::relay::tec::LowerTensorExpr(tvm::runtime::String const&, tvm::relay::tec::TECompiler, std::function<void (tvm::BaseFunc)>, tvm::VirtualDevice)::{lambda(tvm::relay::Function, tvm::IRModule, tvm::transform::PassContext)#1})::{lambda(tvm::runtime::TVMArgs const&, tvm::runtime::TVMRetValue*)#1}>::_M_invoke(std::_Any_data const&, tvm::runtime::TVMArgs&&, tvm::runtime::TVMRetValue*&&)
  66: tvm::relay::ExprMutator::VisitExpr(tvm::RelayExpr const&)
  65: tvm::relay::ExprFunctor<tvm::RelayExpr (tvm::RelayExpr const&)>::VisitExpr(tvm::RelayExpr const&)
  64: _ZZN3tvm5relay11ExprFunctorIFNS_9RelayEx
  63: tvm::relay::transform::DeviceAwareExprMutator::VisitExpr_(tvm::relay::FunctionNode const*)
  62: tvm::relay::tec::LowerTensorExprMutator::DeviceAwareVisitExpr_(tvm::relay::FunctionNode const*)
  61: _ZN3tvm5relay9transform22Devic
  60: tvm::relay::ExprMutator::VisitExpr_(tvm::relay::FunctionNode const*)
  59: tvm::relay::ExprMutator::VisitExpr(tvm::RelayExpr const&)
  58: tvm::relay::ExprFunctor<tvm::RelayExpr (tvm::RelayExpr const&)>::VisitExpr(tvm::RelayExpr const&)
  57: _ZZN3tvm5relay11ExprFunctorIFNS_9RelayEx
  56: tvm::relay::ExprMutator::VisitExpr_(tvm::relay::TupleNode const*)
  55: tvm::relay::ExprMutator::VisitExpr(tvm::RelayExpr const&)
  54: tvm::relay::ExprFunctor<tvm::RelayExpr (tvm::RelayExpr const&)>::VisitExpr(tvm::RelayExpr const&)
  53: _ZZN3tvm5relay11ExprFunctorIFNS_9RelayEx
  52: tvm::relay::transform::DeviceAwareExprMutator::VisitExpr_(tvm::relay::CallNode const*)
  51: tvm::relay::tec::LowerTensorExprMutator::DeviceAwareVisitExpr_(tvm::relay::CallNode const*)
  50: tvm::relay::ExprMutator::VisitExpr(tvm::RelayExpr const&)
  49: tvm::relay::ExprFunctor<tvm::RelayExpr (tvm::RelayExpr const&)>::VisitExpr(tvm::RelayExpr const&)
  48: _ZZN3tvm5relay11ExprFunctorIFNS_9RelayEx
  47: tvm::relay::transform::DeviceAwareExprMutator::VisitExpr_(tvm::relay::CallNode const*)
  46: tvm::relay::tec::LowerTensorExprMutator::DeviceAwareVisitExpr_(tvm::relay::CallNode const*)
  45: tvm::relay::tec::LowerTensorExprMutator::MakeLoweredCall(tvm::relay::Function, tvm::runtime::Array<tvm::RelayExpr, void>, tvm::Span, tvm::Target)
  44: tvm::relay::tec::TECompilerImpl::Lower(tvm::relay::tec::CCacheKey const&, tvm::runtime::String)
  43: tvm::relay::tec::TECompilerImpl::LowerInternal(tvm::relay::tec::CCacheKey const&, std::function<tvm::runtime::String (tvm::runtime::String)>)
  42: tvm::LowerSchedule(tvm::te::Schedule, tvm::runtime::Array<tvm::te::Tensor, void> const&, std::__cxx11::basic_string<char, std::char_traits<char>, std::allocator<char> > const&, std::unordered_map<tvm::te::Tensor, tvm::tir::Buffer, std::hash<tvm::te::Tensor>, std::equal_to<tvm::te::Tensor>, std::allocator<std::pair<tvm::te::Tensor const, tvm::tir::Buffer> > > const&, bool)
  41: tvm::LowerSchedule(tvm::te::Schedule, tvm::runtime::Array<tvm::runtime::ObjectRef, void> const&, std::__cxx11::basic_string<char, std::char_traits<char>, std::allocator<char> > const&, std::unordered_map<tvm::te::Tensor, tvm::tir::Buffer, std::hash<tvm::te::Tensor>, std::equal_to<tvm::te::Tensor>, std::allocator<std::pair<tvm::te::Tensor const, tvm::tir::Buffer> > > const&, bool)
  40: tvm::LowerWithPassList(tvm::IRModule, tvm::runtime::Array<tvm::transform::Pass, void>)
  39: tvm::transform::Pass::operator()(tvm::IRModule) const
  38: tvm::transform::Pass::operator()(tvm::IRModule, tvm::transform::PassContext const&) const
  37: tvm::transform::SequentialNode::operator()(tvm::IRModule, tvm::transform::PassContext const&) const
  36: tvm::transform::Pass::operator()(tvm::IRModule, tvm::transform::PassContext const&) const
  35: tvm::tir::transform::PrimFuncPassNode::operator()(tvm::IRModule, tvm::transform::PassContext const&) const
  34: _ZNSt17_Function_handlerIFvN3tvm7
  33: tvm::runtime::TypedPackedFunc<tvm::tir::PrimFunc (tvm::tir::PrimFunc, tvm::IRModule, tvm::transform::PassContext)>::AssignTypedLambda<tvm::tir::transform::NarrowDataType(int)::{lambda(tvm::tir::PrimFunc, tvm::IRModule, tvm::transform::PassContext)#1}>(tvm::tir::transform::NarrowDataType(int)::{lambda(tvm::tir::PrimFunc, tvm::IRModule, tvm::transform::PassContext)#1})::{lambda(tvm::runtime::TVMArgs const&, tvm::runtime::TVMRetValue*)#1}::operator()(tvm::runtime::TVMArgs const, tvm::runtime::TVMRetValue) const
  32: tvm::tir::DataTypeRewriter::operator()(tvm::tir::Stmt)
  31: _ZZN3tvm3tir11StmtFunctorIFNS0_4StmtERKS
  30: tvm::tir::StmtMutator::VisitStmt_(tvm::tir::AllocateNode const*)
  29: tvm::tir::StmtMutator::VisitStmt(tvm::tir::Stmt const&)
  28: _ZZN3tvm3tir11StmtFunctorIFNS0_4StmtERKS
  27: tvm::tir::StmtMutator::VisitStmt_(tvm::tir::AllocateNode const*)
  26: tvm::tir::StmtMutator::VisitStmt(tvm::tir::Stmt const&)
  25: _ZZN3tvm3tir11StmtFunctorIFNS0_4StmtERKS2_E
  24: tvm::tir::StmtMutator::VisitStmt_(tvm::tir::SeqStmtNode const*)
  23: void tvm::runtime::Array<tvm::tir::Stmt, void>::MutateByApply<tvm::tir::StmtMutator::Internal::Mutate(tvm::tir::StmtMutator*, tvm::runtime::Array<tvm::tir::Stmt, void> const&)::{lambda(tvm::tir::Stmt const&)#1}>(tvm::tir::StmtMutator::Internal::Mutate(tvm::tir::StmtMutator*, tvm::runtime::Array<tvm::tir::Stmt, void> const&)::{lambda(tvm::tir::Stmt const&)#1})
  22: tvm::tir::StmtMutator::VisitStmt(tvm::tir::Stmt const&)
  21: _ZZN3tvm3tir11StmtFunctorIFNS0_4StmtERKS
  20: tvm::tir::DataTypeRewriter::VisitStmt_(tvm::tir::ForNode const*)
  19: tvm::tir::StmtMutator::VisitStmt_(tvm::tir::ForNode const*)
  18: tvm::tir::StmtMutator::VisitStmt(tvm::tir::Stmt const&)
  17: _ZZN3tvm3tir11StmtFunctorIFNS0_4StmtERKS2_E
  16: tvm::tir::StmtMutator::VisitStmt_(tvm::tir::SeqStmtNode const*)
  15: void tvm::runtime::Array<tvm::tir::Stmt, void>::MutateByApply<tvm::tir::StmtMutator::Internal::Mutate(tvm::tir::StmtMutator*, tvm::runtime::Array<tvm::tir::Stmt, void> const&)::{lambda(tvm::tir::Stmt const&)#1}>(tvm::tir::StmtMutator::Internal::Mutate(tvm::tir::StmtMutator*, tvm::runtime::Array<tvm::tir::Stmt, void> const&)::{lambda(tvm::tir::Stmt const&)#1})
  14: tvm::tir::StmtMutator::VisitStmt(tvm::tir::Stmt const&)
  13: _ZZN3tvm3tir11StmtFunctorIFNS0_4StmtERKS
  12: tvm::tir::DataTypeRewriter::VisitStmt_(tvm::tir::ForNode const*)
  11: tvm::tir::StmtMutator::VisitStmt_(tvm::tir::ForNode const*)
  10: tvm::tir::StmtMutator::VisitStmt(tvm::tir::Stmt const&)
  9: _ZZN3tvm3tir11StmtFunctorIFNS0_4StmtERKS2_E
  8: tvm::tir::StmtMutator::VisitStmt_(tvm::tir::SeqStmtNode const*)
  7: void tvm::runtime::Array<tvm::tir::Stmt, void>::MutateByApply<tvm::tir::StmtMutator::Internal::Mutate(tvm::tir::StmtMutator*, tvm::runtime::Array<tvm::tir::Stmt, void> const&)::{lambda(tvm::tir::Stmt const&)#1}>(tvm::tir::StmtMutator::Internal::Mutate(tvm::tir::StmtMutator*, tvm::runtime::Array<tvm::tir::Stmt, void> const&)::{lambda(tvm::tir::Stmt const&)#1})
  6: tvm::tir::StmtMutator::VisitStmt(tvm::tir::Stmt const&)
  5: _ZZN3tvm3tir11StmtFunctorIFNS0_4StmtERKS
  4: tvm::tir::DataTypeRewriter::VisitStmt_(tvm::tir::StoreNode const*)
  3: tvm::tir::StmtExprMutator::VisitExpr(tvm::PrimExpr const&)
  2: _ZZN3tvm3tir11ExprFunctorIFNS_8PrimExprERKS
  1: tvm::tir::ExprMutator::VisitExpr_(tvm::tir::SelectNode const*)
  0: tvm::tir::Select::Select(tvm::PrimExpr, tvm::PrimExpr, tvm::PrimExpr, tvm::Span)
  File "../src/tir/ir/expr.cc", line 597
TVMError: 
---------------------------------------------------------------
An error occurred during the execution of TVM.
For more information, please see: https://tvm.apache.org/docs/errors.html
---------------------------------------------------------------
  Check failed: (false_value.dtype() == true_value.dtype()) is false: TypeError: mismatched types
