Traceback (most recent call last):
  File "/data/hmaaj/miniconda3/lib/python3.9/site-packages/nnsmith/backends/factory.py", line 73, in checked_compile
    return self.checked_make_backend(testcase.model)
  File "/data/hmaaj/miniconda3/lib/python3.9/site-packages/nnsmith/backends/factory.py", line 69, in checked_make_backend
    return self.make_backend(model)
  File "/data/hmaaj/miniconda3/lib/python3.9/site-packages/multipledispatch/dispatcher.py", line 435, in __call__
    return func(self.obj, *args, **kwargs)
  File "/data/hmaaj/miniconda3/lib/python3.9/site-packages/nnsmith/backends/tvm.py", line 77, in make_backend
    executor = relay.build_module.create_executor(
  File "/data/hmaaj/tvm-exp/python/tvm/relay/backend/interpreter.py", line 171, in evaluate
    return self._make_executor()
  File "/data/hmaaj/tvm-exp/python/tvm/relay/build_module.py", line 591, in _make_executor
    mod = build(self.mod, target=self.target)
  File "/data/hmaaj/tvm-exp/python/tvm/relay/build_module.py", line 449, in build
    graph_json, runtime_mod, params = bld_mod.build(
  File "/data/hmaaj/tvm-exp/python/tvm/relay/build_module.py", line 189, in build
    self._build(mod, target, target_host, executor, runtime, mod_name)
  File "/data/hmaaj/tvm-exp/python/tvm/_ffi/_ctypes/packed_func.py", line 237, in __call__
    raise get_last_ffi_error()
tvm._ffi.base.TVMError: Traceback (most recent call last):
  35: TVMFuncCall
  34: _ZNSt17_Function_handlerIFvN3tvm7runtime7TVM
  33: tvm::relay::backend::RelayBuildModule::GetFunction(std::__cxx11::basic_string<char, std::char_traits<char>, std::allocator<char> > const&, tvm::runtime::ObjectPtr<tvm::runtime::Object> const&)::{lambda(tvm::runtime::TVMArgs, tvm::runtime::TVMRetValue*)#3}::operator()(tvm::runtime::TVMArgs, tvm::runtime::TVMRetValue*) const
  32: tvm::relay::backend::RelayBuildModule::BuildRelay(tvm::IRModule, tvm::runtime::String const&)
  31: tvm::relay::backend::RelayBuildModule::OptimizeImpl(tvm::IRModule)
  30: tvm::transform::Pass::operator()(tvm::IRModule) const
  29: tvm::transform::Pass::operator()(tvm::IRModule, tvm::transform::PassContext const&) const
  28: tvm::transform::SequentialNode::operator()(tvm::IRModule, tvm::transform::PassContext const&) const
  27: tvm::transform::Pass::operator()(tvm::IRModule, tvm::transform::PassContext const&) const
  26: tvm::relay::transform::FunctionPassNode::operator()(tvm::IRModule, tvm::transform::PassContext const&) const
  25: std::_Function_handler<void (tvm::runtime::TVMArgs, tvm::runtime::TVMRetValue*), tvm::runtime::TypedPackedFunc<tvm::relay::Function (tvm::relay::Function, tvm::IRModule, tvm::transform::PassContext)>::AssignTypedLambda<tvm::relay::transform::AlterOpLayout()::{lambda(tvm::relay::Function, tvm::IRModule, tvm::transform::PassContext)#1}>(tvm::relay::transform::AlterOpLayout()::{lambda(tvm::relay::Function, tvm::IRModule, tvm::transform::PassContext)#1})::{lambda(tvm::runtime::TVMArgs const&, tvm::runtime::TVMRetValue*)#1}>::_M_invoke(std::_Any_data const&, tvm::runtime::TVMArgs&&, tvm::runtime::TVMRetValue*&&)
  24: tvm::relay::alter_op_layout::AlterOpLayout(tvm::RelayExpr const&)
  23: tvm::relay::ForwardRewrite(tvm::RelayExpr const&, tvm::runtime::TypedPackedFunc<tvm::RelayExpr (tvm::relay::Call const&, tvm::runtime::Array<tvm::RelayExpr, void> const&, tvm::runtime::ObjectRef const&)> const&, std::function<tvm::runtime::ObjectRef (tvm::relay::Call const&)>, std::function<tvm::RelayExpr (tvm::RelayExpr const&)>)
  22: tvm::relay::MixedModeMutator::VisitExpr(tvm::RelayExpr const&)
  21: void tvm::relay::ExpandDataflow<tvm::relay::MixedModeMutator::VisitExpr(tvm::RelayExpr const&)::{lambda(tvm::RelayExpr const&)#1}, tvm::relay::MixedModeMutator::VisitExpr(tvm::RelayExpr const&)::{lambda(tvm::RelayExpr const&)#2}, tvm::relay::ExpandDataflow<{lambda(tvm::RelayExpr const&)#1}, tvm::relay::MixedModeMutator::VisitExpr(tvm::RelayExpr const&)::{lambda(tvm::RelayExpr const&)#1}>(tvm::RelayExpr, {lambda(tvm::RelayExpr const&)#1}, tvm::relay::MixedModeMutator::VisitExpr(tvm::RelayExpr const&)::{lambda(tvm::RelayExpr const&)#1})::{lambda(tvm::RelayExpr const&)#1}>(tvm::RelayExpr, tvm::relay::MixedModeMutator::VisitExpr(tvm::RelayExpr const&)::{lambda(tvm::RelayExpr const&)#2}, tvm::relay::ExpandDataflow, tvm::relay::ExpandDataflow<{lambda(tvm::RelayExpr const&)#1}, tvm::relay::MixedModeMutator::VisitExpr(tvm::RelayExpr const&)::{lambda(tvm::RelayExpr const&)#1}>(tvm::RelayExpr, {lambda(tvm::RelayExpr const&)#1}, tvm::relay::MixedModeMutator::VisitExpr(tvm::RelayExpr const&)::{lambda(tvm::RelayExpr const&)#1})::{lambda(tvm::RelayExpr const&)#1}) [clone .isra.535]
  20: tvm::relay::MixedModeMutator::VisitLeaf(tvm::RelayExpr const&)
  19: _ZN3tvm5relay16MixedModeMutato
  18: tvm::relay::ExprMutator::VisitExpr(tvm::RelayExpr const&)
  17: tvm::relay::ExprFunctor<tvm::RelayExpr (tvm::RelayExpr const&)>::VisitExpr(tvm::RelayExpr const&)
  16: _ZZN3tvm5relay11ExprFunctorIFNS_9RelayEx
  15: tvm::relay::ExprMutator::VisitExpr_(tvm::relay::FunctionNode const*)
  14: tvm::relay::MixedModeMutator::VisitExpr(tvm::RelayExpr const&)
  13: void tvm::relay::ExpandDataflow<tvm::relay::MixedModeMutator::VisitExpr(tvm::RelayExpr const&)::{lambda(tvm::RelayExpr const&)#1}, tvm::relay::MixedModeMutator::VisitExpr(tvm::RelayExpr const&)::{lambda(tvm::RelayExpr const&)#2}, tvm::relay::ExpandDataflow<{lambda(tvm::RelayExpr const&)#1}, tvm::relay::MixedModeMutator::VisitExpr(tvm::RelayExpr const&)::{lambda(tvm::RelayExpr const&)#1}>(tvm::RelayExpr, {lambda(tvm::RelayExpr const&)#1}, tvm::relay::MixedModeMutator::VisitExpr(tvm::RelayExpr const&)::{lambda(tvm::RelayExpr const&)#1})::{lambda(tvm::RelayExpr const&)#1}>(tvm::RelayExpr, tvm::relay::MixedModeMutator::VisitExpr(tvm::RelayExpr const&)::{lambda(tvm::RelayExpr const&)#2}, tvm::relay::ExpandDataflow, tvm::relay::ExpandDataflow<{lambda(tvm::RelayExpr const&)#1}, tvm::relay::MixedModeMutator::VisitExpr(tvm::RelayExpr const&)::{lambda(tvm::RelayExpr const&)#1}>(tvm::RelayExpr, {lambda(tvm::RelayExpr const&)#1}, tvm::relay::MixedModeMutator::VisitExpr(tvm::RelayExpr const&)::{lambda(tvm::RelayExpr const&)#1})::{lambda(tvm::RelayExpr const&)#1}) [clone .isra.535]
  12: tvm::relay::MixedModeMutator::VisitLeaf(tvm::RelayExpr const&)
  11: _ZN3tvm5relay16MixedModeMutato
  10: tvm::relay::ExprMutator::VisitExpr(tvm::RelayExpr const&)
  9: tvm::relay::ExprFunctor<tvm::RelayExpr (tvm::RelayExpr const&)>::VisitExpr(tvm::RelayExpr const&)
  8: _ZZN3tvm5relay11ExprFunctorIFNS_9RelayEx
  7: tvm::relay::MixedModeMutator::VisitExpr_(tvm::relay::CallNode const*)
  6: tvm::relay::ForwardRewriter::Rewrite_(tvm::relay::CallNode const*, tvm::RelayExpr const&)
  5: _ZNSt17_Function_handlerIFvN3tvm7
  4: tvm::runtime::TypedPackedFunc<tvm::RelayExpr (tvm::relay::Call const&, tvm::runtime::Array<tvm::RelayExpr, void> const&, tvm::runtime::ObjectRef const&)>::AssignTypedLambda<tvm::RelayExpr (*)(tvm::relay::Call const&, tvm::runtime::Array<tvm::RelayExpr, void> const&, tvm::runtime::ObjectRef const&)>(tvm::RelayExpr (*)(tvm::relay::Call const&, tvm::runtime::Array<tvm::RelayExpr, void> const&, tvm::runtime::ObjectRef const&))::{lambda(tvm::runtime::TVMArgs const&, tvm::runtime::TVMRetValue*)#1}::operator()(tvm::runtime::TVMArgs const&, tvm::runtime::TVMRetValue*) const
  3: tvm::RelayExpr tvm::relay::LayoutRewriter<tvm::relay::alter_op_layout::AlterTransformMemorizer>(tvm::relay::Call const&, tvm::runtime::Array<tvm::RelayExpr, void> const&, tvm::runtime::ObjectRef const&)
  2: tvm::relay::InferCorrectLayouts(tvm::relay::Call const&, tvm::runtime::Array<tvm::tir::Layout, void> const&, tvm::runtime::Array<tvm::tir::Layout, void> const&, tvm::runtime::Array<tvm::Type, void> const&)
  1: std::_Function_handler<void (tvm::runtime::TVMArgs, tvm::runtime::TVMRetValue*), tvm::runtime::TypedPackedFunc<tvm::relay::InferCorrectLayoutOutput (tvm::Attrs const&, tvm::runtime::Array<tvm::tir::Layout, void> const&, tvm::runtime::Array<tvm::tir::Layout, void> const&, tvm::runtime::Array<tvm::Type, void> const&)>::AssignTypedLambda<tvm::relay::InferCorrectLayoutOutput (*)(tvm::Attrs const&, tvm::runtime::Array<tvm::tir::Layout, void> const&, tvm::runtime::Array<tvm::tir::Layout, void> const&, tvm::runtime::Array<tvm::Type, void> const&)>(tvm::relay::InferCorrectLayoutOutput (*)(tvm::Attrs const&, tvm::runtime::Array<tvm::tir::Layout, void> const&, tvm::runtime::Array<tvm::tir::Layout, void> const&, tvm::runtime::Array<tvm::Type, void> const&))::{lambda(tvm::runtime::TVMArgs const&, tvm::runtime::TVMRetValue*)#1}>::_M_invoke(std::_Any_data const&, tvm::runtime::TVMArgs&&, tvm::runtime::TVMRetValue*&&)
  0: tvm::relay::PadInferCorrectLayout(tvm::Attrs const&, tvm::runtime::Array<tvm::tir::Layout, void> const&, tvm::runtime::Array<tvm::tir::Layout, void> const&, tvm::runtime::Array<tvm::Type, void> const&)
  File "../src/relay/op/nn/pad.cc", line 81
TVMError: 
---------------------------------------------------------------
An error occurred during the execution of TVM.
For more information, please see: https://tvm.apache.org/docs/errors.html
---------------------------------------------------------------
  Check failed: (axis_pad_width.count(dual_axis_name)) is false: Missing axis H in NCW
