Traceback (most recent call last):
  File "/softwares/miniconda3/lib/python3.9/site-packages/nnsmith/backends/factory.py", line 69, in checked_compile
    return self.checked_make_backend(testcase.model)
  File "/softwares/miniconda3/lib/python3.9/site-packages/nnsmith/backends/factory.py", line 65, in checked_make_backend
    return self.make_backend(model)
  File "/softwares/miniconda3/lib/python3.9/site-packages/multipledispatch/dispatcher.py", line 435, in __call__
    return func(self.obj, *args, **kwargs)
  File "/softwares/miniconda3/lib/python3.9/site-packages/nnsmith/backends/tvm.py", line 76, in make_backend
    executor = relay.build_module.create_executor(
  File "/softwares/tvm/python/tvm/relay/backend/interpreter.py", line 171, in evaluate
    return self._make_executor()
  File "/softwares/tvm/python/tvm/relay/build_module.py", line 519, in _make_executor
    mod = build(self.mod, target=self.target)
  File "/softwares/tvm/python/tvm/relay/build_module.py", line 364, in build
    graph_json, runtime_mod, params = bld_mod.build(
  File "/softwares/tvm/python/tvm/relay/build_module.py", line 161, in build
    self._build(
  File "/softwares/tvm/python/tvm/_ffi/_ctypes/packed_func.py", line 237, in __call__
    raise get_last_ffi_error()
tvm._ffi.base.TVMError: Traceback (most recent call last):
  54: TVMFuncCall
  53: tvm::relay::backend::RelayBuildModule::GetFunction(std::__cxx11::basic_string<char, std::char_traits<char>, std::allocator<char> > const&, tvm::runtime::ObjectPtr<tvm::runtime::Object> const&)::{lambda(tvm::runtime::TVMArgs, tvm::runtime::TVMRetValue*)#3}::operator()(tvm::runtime::TVMArgs, tvm::runtime::TVMRetValue*) const
  52: tvm::relay::backend::RelayBuildModule::Build(tvm::IRModule, tvm::runtime::Array<tvm::Target, void> const&, tvm::Target const&, tvm::relay::Executor const&, tvm::relay::Runtime const&, tvm::WorkspaceMemoryPools const&, tvm::ConstantMemoryPools const&, tvm::runtime::String)
  51: tvm::relay::backend::RelayBuildModule::BuildRelay(tvm::IRModule, tvm::runtime::String const&)
  50: tvm::runtime::PackedFuncObj::Extractor<tvm::runtime::PackedFuncSubObj<tvm::relay::backend::GraphExecutorCodegenModule::GetFunction(std::__cxx11::basic_string<char, std::char_traits<char>, std::allocator<char> > const&, tvm::runtime::ObjectPtr<tvm::runtime::Object> const&)::{lambda(tvm::runtime::TVMArgs, tvm::runtime::TVMRetValue*)#2}> >::Call(tvm::runtime::PackedFuncObj const*, tvm::runtime::TVMArgs, tvm::runtime::TVMRetValue*)
  49: tvm::relay::backend::GraphExecutorCodegen::Codegen(tvm::IRModule, tvm::relay::Function, tvm::runtime::String)
  48: tvm::transform::Pass::operator()(tvm::IRModule) const
  47: tvm::transform::Pass::operator()(tvm::IRModule, tvm::transform::PassContext const&) const
  46: tvm::transform::SequentialNode::operator()(tvm::IRModule, tvm::transform::PassContext const&) const
  45: tvm::transform::Pass::operator()(tvm::IRModule, tvm::transform::PassContext const&) const
  44: tvm::transform::ModulePassNode::operator()(tvm::IRModule, tvm::transform::PassContext const&) const
  43: tvm::runtime::PackedFuncObj::Extractor<tvm::runtime::PackedFuncSubObj<tvm::runtime::TypedPackedFunc<tvm::IRModule (tvm::IRModule, tvm::transform::PassContext)>::AssignTypedLambda<tvm::relay::tec::LowerTE(tvm::runtime::String, tvm::CompilationConfig, std::function<void (tvm::BaseFunc)>)::{lambda(tvm::IRModule, tvm::transform::PassContext)#1}>(tvm::relay::tec::LowerTE(tvm::runtime::String, tvm::CompilationConfig, std::function<void (tvm::BaseFunc)>)::{lambda(tvm::IRModule, tvm::transform::PassContext)#1})::{lambda(tvm::runtime::TVMArgs const&, tvm::runtime::TVMRetValue*)#1}> >::Call(tvm::runtime::PackedFuncObj const*, tvm::runtime::TVMArgs, tvm::runtime::TVMRetValue*)
  42: tvm::relay::tec::LowerTE(tvm::IRModule const&, tvm::runtime::String const&, std::function<void (tvm::BaseFunc)>, tvm::CompilationConfig)
  41: tvm::transform::Pass::operator()(tvm::IRModule) const
  40: tvm::transform::Pass::operator()(tvm::IRModule, tvm::transform::PassContext const&) const
  39: tvm::relay::transform::FunctionPassNode::operator()(tvm::IRModule, tvm::transform::PassContext const&) const
  38: tvm::runtime::PackedFuncObj::Extractor<tvm::runtime::PackedFuncSubObj<tvm::runtime::TypedPackedFunc<tvm::relay::Function (tvm::relay::Function, tvm::IRModule, tvm::transform::PassContext)>::AssignTypedLambda<tvm::relay::tec::LowerTensorExpr(tvm::relay::tec::TECompiler, std::function<void (tvm::BaseFunc)>, tvm::CompilationConfig)::{lambda(tvm::relay::Function, tvm::IRModule, tvm::transform::PassContext)#1}>(tvm::relay::tec::LowerTensorExpr(tvm::relay::tec::TECompiler, std::function<void (tvm::BaseFunc)>, tvm::CompilationConfig)::{lambda(tvm::relay::Function, tvm::IRModule, tvm::transform::PassContext)#1})::{lambda(tvm::runtime::TVMArgs const&, tvm::runtime::TVMRetValue*)#1}> >::Call(tvm::runtime::PackedFuncObj const*, tvm::runtime::TVMArgs, tvm::runtime::TVMRetValue*)
  37: tvm::relay::ExprMutator::VisitExpr(tvm::RelayExpr const&)
  36: tvm::relay::ExprFunctor<tvm::RelayExpr (tvm::RelayExpr const&)>::VisitExpr(tvm::RelayExpr const&)
  35: _ZZN3tvm5relay11ExprFunctorIFNS_9RelayExprERKS2_EE10InitVTableEvENUlR
  34: tvm::relay::transform::DeviceAwareExprMutator::VisitExpr_(tvm::relay::FunctionNode const*)
  33: tvm::relay::tec::LowerTensorExprMutator::DeviceAwareVisitExpr_(tvm::relay::FunctionNode const*)
  32: _ZN3tvm5relay9transform22DeviceAwareExprMutator21DeviceAwar
  31: tvm::relay::ExprMutator::VisitExpr_(tvm::relay::FunctionNode const*)
  30: tvm::relay::ExprMutator::VisitExpr(tvm::RelayExpr const&)
  29: tvm::relay::ExprFunctor<tvm::RelayExpr (tvm::RelayExpr const&)>::VisitExpr(tvm::RelayExpr const&)
  28: _ZZN3tvm5relay11ExprFunctorIFNS_9RelayExprERKS2_EE10InitVTableEvENUlR
  27: tvm::relay::ExprMutator::VisitExpr_(tvm::relay::TupleNode const*)
  26: tvm::relay::ExprMutator::VisitExpr(tvm::RelayExpr const&)
  25: tvm::relay::ExprFunctor<tvm::RelayExpr (tvm::RelayExpr const&)>::VisitExpr(tvm::RelayExpr const&)
  24: _ZZN3tvm5relay11ExprFunctorIFNS_9RelayExprERKS2_EE10InitVTableEvENUlR
  23: tvm::relay::transform::DeviceAwareExprMutator::VisitExpr_(tvm::relay::CallNode const*)
  22: tvm::relay::tec::LowerTensorExprMutator::DeviceAwareVisitExpr_(tvm::relay::CallNode const*)
  21: tvm::relay::tec::TECompilerImpl::Lower(tvm::relay::tec::CCacheKey const&)
  20: tvm::relay::tec::TECompilerImpl::LowerInternal(tvm::relay::tec::CCacheKey const&, tvm::GlobalVarSupply)
  19: tvm::LowerSchedule(tvm::te::Schedule, tvm::runtime::Array<tvm::te::Tensor, void> const&, std::__cxx11::basic_string<char, std::char_traits<char>, std::allocator<char> > const&, std::unordered_map<tvm::te::Tensor, tvm::tir::Buffer, std::hash<tvm::te::Tensor>, std::equal_to<tvm::te::Tensor>, std::allocator<std::pair<tvm::te::Tensor const, tvm::tir::Buffer> > > const&, tvm::GlobalVarSupply, bool)
  18: tvm::LowerSchedule(tvm::te::Schedule, tvm::runtime::Array<tvm::runtime::ObjectRef, void> const&, std::__cxx11::basic_string<char, std::char_traits<char>, std::allocator<char> > const&, std::unordered_map<tvm::te::Tensor, tvm::tir::Buffer, std::hash<tvm::te::Tensor>, std::equal_to<tvm::te::Tensor>, std::allocator<std::pair<tvm::te::Tensor const, tvm::tir::Buffer> > > const&, tvm::GlobalVarSupply, bool)
  17: tvm::LowerWithPassList(tvm::IRModule, tvm::runtime::Array<tvm::transform::Pass, void>)
  16: tvm::transform::Pass::operator()(tvm::IRModule) const
  15: tvm::transform::Pass::operator()(tvm::IRModule, tvm::transform::PassContext const&) const
  14: tvm::transform::SequentialNode::operator()(tvm::IRModule, tvm::transform::PassContext const&) const
  13: tvm::transform::Pass::operator()(tvm::IRModule, tvm::transform::PassContext const&) const
  12: tvm::tir::transform::PrimFuncPassNode::operator()(tvm::IRModule, tvm::transform::PassContext const&) const
  11: _ZN3tvm7runtime13PackedFun
  10: tvm::runtime::TypedPackedFunc<tvm::tir::PrimFunc (tvm::tir::PrimFunc, tvm::IRModule, tvm::transform::PassContext)>::AssignTypedLambda<tvm::tir::transform::NarrowDataType(int)::{lambda(tvm::tir::PrimFunc, tvm::IRModule, tvm::transform::PassContext)#1}>(tvm::tir::transform::NarrowDataType(int)::{lambda(tvm::tir::PrimFunc, tvm::IRModule, tvm::transform::PassContext)#1})::{lambda(tvm::runtime::TVMArgs const&, tvm::runtime::TVMRetValue*)#1}::operator()(tvm::runtime::TVMArgs const&, tvm::runtime::TVMRetValue*) const
  9: tvm::tir::NarrowDataTypeRewriter::operator()(tvm::tir::Stmt)
  8: tvm::tir::DataTypeVisitor::VisitStmt_(tvm::tir::ForNode const*)
  7: tvm::tir::StmtFunctor<void (tvm::tir::Stmt const&)>::VisitStmt(tvm::tir::Stmt const&)
  6: tvm::tir::StmtVisitor::VisitStmt_(tvm::tir::BufferStoreNode const*)
  5: tvm::tir::DataTypeVisitor::VisitExpr(tvm::PrimExpr const&)
  4: _ZN3tvm5arith21ConstIntBoundAnalyzerclERKNS_8PrimExprEPSt13u
  3: tvm::arith::ConstIntBoundAnalyzer::Impl::VisitExpr(tvm::PrimExpr const&)
  2: tvm::arith::ConstIntBoundAnalyzer::Impl::VisitExpr_(tvm::tir::CastNode const*)
  1: tvm::arith::ConstIntBoundAnalyzer::Impl::VisitExpr(tvm::PrimExpr const&)
  0: tvm::arith::ConstIntBoundAnalyzer::Impl::VisitExpr_(tvm::tir::DivNode const*)
  File "/softwares/tvm/src/arith/const_int_bound.cc", line 517
TVMError: 
---------------------------------------------------------------
An error occurred during the execution of TVM.
For more information, please see: https://tvm.apache.org/docs/errors.html
---------------------------------------------------------------

  Check failed: y != 0 (0 vs. 0) : 
