Traceback (most recent call last):
  File "/softwares/miniconda3/lib/python3.9/site-packages/nnsmith/backends/factory.py", line 69, in checked_compile
    return self.checked_make_backend(testcase.model)
  File "/softwares/miniconda3/lib/python3.9/site-packages/nnsmith/backends/factory.py", line 65, in checked_make_backend
    return self.make_backend(model)
  File "/softwares/miniconda3/lib/python3.9/site-packages/multipledispatch/dispatcher.py", line 435, in __call__
    return func(self.obj, *args, **kwargs)
  File "/softwares/miniconda3/lib/python3.9/site-packages/nnsmith/backends/tvm.py", line 76, in make_backend
    executor = relay.build_module.create_executor(
  File "/softwares/tvm/python/tvm/relay/backend/interpreter.py", line 171, in evaluate
    return self._make_executor()
  File "/softwares/tvm/python/tvm/relay/build_module.py", line 519, in _make_executor
    mod = build(self.mod, target=self.target)
  File "/softwares/tvm/python/tvm/relay/build_module.py", line 364, in build
    graph_json, runtime_mod, params = bld_mod.build(
  File "/softwares/tvm/python/tvm/relay/build_module.py", line 161, in build
    self._build(
  File "/softwares/tvm/python/tvm/_ffi/_ctypes/packed_func.py", line 237, in __call__
    raise get_last_ffi_error()
tvm._ffi.base.TVMError: Traceback (most recent call last):
  89: TVMFuncCall
  88: tvm::relay::backend::RelayBuildModule::GetFunction(std::__cxx11::basic_string<char, std::char_traits<char>, std::allocator<char> > const&, tvm::runtime::ObjectPtr<tvm::runtime::Object> const&)::{lambda(tvm::runtime::TVMArgs, tvm::runtime::TVMRetValue*)#3}::operator()(tvm::runtime::TVMArgs, tvm::runtime::TVMRetValue*) const
  87: tvm::relay::backend::RelayBuildModule::Build(tvm::IRModule, tvm::runtime::Array<tvm::Target, void> const&, tvm::Target const&, tvm::relay::Executor const&, tvm::relay::Runtime const&, tvm::WorkspaceMemoryPools const&, tvm::ConstantMemoryPools const&, tvm::runtime::String)
  86: tvm::relay::backend::RelayBuildModule::BuildRelay(tvm::IRModule, tvm::runtime::String const&)
  85: tvm::runtime::PackedFuncObj::Extractor<tvm::runtime::PackedFuncSubObj<tvm::relay::backend::GraphExecutorCodegenModule::GetFunction(std::__cxx11::basic_string<char, std::char_traits<char>, std::allocator<char> > const&, tvm::runtime::ObjectPtr<tvm::runtime::Object> const&)::{lambda(tvm::runtime::TVMArgs, tvm::runtime::TVMRetValue*)#2}> >::Call(tvm::runtime::PackedFuncObj const*, tvm::runtime::TVMArgs, tvm::runtime::TVMRetValue*)
  84: tvm::relay::backend::GraphExecutorCodegen::Codegen(tvm::IRModule, tvm::relay::Function, tvm::runtime::String)
  83: tvm::transform::Pass::operator()(tvm::IRModule) const
  82: tvm::transform::Pass::operator()(tvm::IRModule, tvm::transform::PassContext const&) const
  81: tvm::transform::SequentialNode::operator()(tvm::IRModule, tvm::transform::PassContext const&) const
  80: tvm::transform::Pass::operator()(tvm::IRModule, tvm::transform::PassContext const&) const
  79: tvm::transform::ModulePassNode::operator()(tvm::IRModule, tvm::transform::PassContext const&) const
  78: tvm::runtime::PackedFuncObj::Extractor<tvm::runtime::PackedFuncSubObj<tvm::runtime::TypedPackedFunc<tvm::IRModule (tvm::IRModule, tvm::transform::PassContext)>::AssignTypedLambda<tvm::relay::tec::LowerTE(tvm::runtime::String, tvm::CompilationConfig, std::function<void (tvm::BaseFunc)>)::{lambda(tvm::IRModule, tvm::transform::PassContext)#1}>(tvm::relay::tec::LowerTE(tvm::runtime::String, tvm::CompilationConfig, std::function<void (tvm::BaseFunc)>)::{lambda(tvm::IRModule, tvm::transform::PassContext)#1})::{lambda(tvm::runtime::TVMArgs const&, tvm::runtime::TVMRetValue*)#1}> >::Call(tvm::runtime::PackedFuncObj const*, tvm::runtime::TVMArgs, tvm::runtime::TVMRetValue*)
  77: tvm::relay::tec::LowerTE(tvm::IRModule const&, tvm::runtime::String const&, std::function<void (tvm::BaseFunc)>, tvm::CompilationConfig)
  76: tvm::transform::Pass::operator()(tvm::IRModule) const
  75: tvm::transform::Pass::operator()(tvm::IRModule, tvm::transform::PassContext const&) const
  74: tvm::relay::transform::FunctionPassNode::operator()(tvm::IRModule, tvm::transform::PassContext const&) const
  73: tvm::runtime::PackedFuncObj::Extractor<tvm::runtime::PackedFuncSubObj<tvm::runtime::TypedPackedFunc<tvm::relay::Function (tvm::relay::Function, tvm::IRModule, tvm::transform::PassContext)>::AssignTypedLambda<tvm::relay::tec::LowerTensorExpr(tvm::relay::tec::TECompiler, std::function<void (tvm::BaseFunc)>, tvm::CompilationConfig)::{lambda(tvm::relay::Function, tvm::IRModule, tvm::transform::PassContext)#1}>(tvm::relay::tec::LowerTensorExpr(tvm::relay::tec::TECompiler, std::function<void (tvm::BaseFunc)>, tvm::CompilationConfig)::{lambda(tvm::relay::Function, tvm::IRModule, tvm::transform::PassContext)#1})::{lambda(tvm::runtime::TVMArgs const&, tvm::runtime::TVMRetValue*)#1}> >::Call(tvm::runtime::PackedFuncObj const*, tvm::runtime::TVMArgs, tvm::runtime::TVMRetValue*)
  72: tvm::relay::ExprMutator::VisitExpr(tvm::RelayExpr const&)
  71: tvm::relay::ExprFunctor<tvm::RelayExpr (tvm::RelayExpr const&)>::VisitExpr(tvm::RelayExpr const&)
  70: _ZZN3tvm5relay11ExprFunctorIFNS_9RelayExprERKS2_EE10InitVTableEvENUlR
  69: tvm::relay::transform::DeviceAwareExprMutator::VisitExpr_(tvm::relay::FunctionNode const*)
  68: tvm::relay::tec::LowerTensorExprMutator::DeviceAwareVisitExpr_(tvm::relay::FunctionNode const*)
  67: _ZN3tvm5relay9transform22DeviceAwareExprMutator21DeviceAwar
  66: tvm::relay::ExprMutator::VisitExpr_(tvm::relay::FunctionNode const*)
  65: tvm::relay::ExprMutator::VisitExpr(tvm::RelayExpr const&)
  64: tvm::relay::ExprFunctor<tvm::RelayExpr (tvm::RelayExpr const&)>::VisitExpr(tvm::RelayExpr const&)
  63: _ZZN3tvm5relay11ExprFunctorIFNS_9RelayExprERKS2_EE10InitVTableEvENUlR
  62: tvm::relay::ExprMutator::VisitExpr_(tvm::relay::TupleNode const*)
  61: tvm::relay::ExprMutator::VisitExpr(tvm::RelayExpr const&)
  60: tvm::relay::ExprFunctor<tvm::RelayExpr (tvm::RelayExpr const&)>::VisitExpr(tvm::RelayExpr const&)
  59: _ZZN3tvm5relay11ExprFunctorIFNS_9RelayExprERKS2_EE10InitVTableEvENUlR
  58: tvm::relay::transform::DeviceAwareExprMutator::VisitExpr_(tvm::relay::CallNode const*)
  57: tvm::relay::tec::LowerTensorExprMutator::DeviceAwareVisitExpr_(tvm::relay::CallNode const*)
  56: tvm::relay::ExprMutator::VisitExpr(tvm::RelayExpr const&)
  55: tvm::relay::ExprFunctor<tvm::RelayExpr (tvm::RelayExpr const&)>::VisitExpr(tvm::RelayExpr const&)
  54: _ZZN3tvm5relay11ExprFunctorIFNS_9RelayExprERKS2_EE10InitVTableEvENUlR
  53: tvm::relay::transform::DeviceAwareExprMutator::VisitExpr_(tvm::relay::CallNode const*)
  52: tvm::relay::tec::LowerTensorExprMutator::DeviceAwareVisitExpr_(tvm::relay::CallNode const*)
  51: tvm::relay::ExprMutator::VisitExpr(tvm::RelayExpr const&)
  50: tvm::relay::ExprFunctor<tvm::RelayExpr (tvm::RelayExpr const&)>::VisitExpr(tvm::RelayExpr const&)
  49: _ZZN3tvm5relay11ExprFunctorIFNS_9RelayExprERKS2_EE10InitVTableEvENUlR
  48: tvm::relay::transform::DeviceAwareExprMutator::VisitExpr_(tvm::relay::CallNode const*)
  47: tvm::relay::tec::LowerTensorExprMutator::DeviceAwareVisitExpr_(tvm::relay::CallNode const*)
  46: tvm::relay::ExprMutator::VisitExpr(tvm::RelayExpr const&)
  45: tvm::relay::ExprFunctor<tvm::RelayExpr (tvm::RelayExpr const&)>::VisitExpr(tvm::RelayExpr const&)
  44: _ZZN3tvm5relay11ExprFunctorIFNS_9RelayExprERKS2_EE10InitVTableEvENUlR
  43: tvm::relay::transform::DeviceAwareExprMutator::VisitExpr_(tvm::relay::CallNode const*)
  42: tvm::relay::tec::LowerTensorExprMutator::DeviceAwareVisitExpr_(tvm::relay::CallNode const*)
  41: tvm::relay::tec::TECompilerImpl::Lower(tvm::relay::tec::CCacheKey const&)
  40: tvm::relay::tec::TECompilerImpl::LowerInternal(tvm::relay::tec::CCacheKey const&, tvm::GlobalVarSupply)
  39: tvm::LowerSchedule(tvm::te::Schedule, tvm::runtime::Array<tvm::te::Tensor, void> const&, std::__cxx11::basic_string<char, std::char_traits<char>, std::allocator<char> > const&, std::unordered_map<tvm::te::Tensor, tvm::tir::Buffer, std::hash<tvm::te::Tensor>, std::equal_to<tvm::te::Tensor>, std::allocator<std::pair<tvm::te::Tensor const, tvm::tir::Buffer> > > const&, tvm::GlobalVarSupply, bool)
  38: tvm::LowerSchedule(tvm::te::Schedule, tvm::runtime::Array<tvm::runtime::ObjectRef, void> const&, std::__cxx11::basic_string<char, std::char_traits<char>, std::allocator<char> > const&, std::unordered_map<tvm::te::Tensor, tvm::tir::Buffer, std::hash<tvm::te::Tensor>, std::equal_to<tvm::te::Tensor>, std::allocator<std::pair<tvm::te::Tensor const, tvm::tir::Buffer> > > const&, tvm::GlobalVarSupply, bool)
  37: tvm::LowerWithPassList(tvm::IRModule, tvm::runtime::Array<tvm::transform::Pass, void>)
  36: tvm::transform::Pass::operator()(tvm::IRModule) const
  35: tvm::transform::Pass::operator()(tvm::IRModule, tvm::transform::PassContext const&) const
  34: tvm::transform::SequentialNode::operator()(tvm::IRModule, tvm::transform::PassContext const&) const
  33: tvm::transform::Pass::operator()(tvm::IRModule, tvm::transform::PassContext const&) const
  32: tvm::tir::transform::PrimFuncPassNode::operator()(tvm::IRModule, tvm::transform::PassContext const&) const
  31: _ZN3tvm7runtime13PackedFun
  30: tvm::runtime::TypedPackedFunc<tvm::tir::PrimFunc (tvm::tir::PrimFunc, tvm::IRModule, tvm::transform::PassContext)>::AssignTypedLambda<tvm::tir::transform::Simplify()::{lambda(tvm::tir::PrimFunc, tvm::IRModule, tvm::transform::PassContext)#1}>(tvm::tir::transform::Simplify()::{lambda(tvm::tir::PrimFunc, tvm::IRModule, tvm::transform::PassContext)#1})::{lambda(tvm::runtime::TVMArgs const&, tvm::runtime::TVMRetValue*)#1}::operator()(tvm::runtime::TVMArgs const&, tvm::runtime::TVMRetValue*) const
  29: tvm::arith::StmtSimplifier::Apply(tvm::tir::Stmt, tvm::arith::Analyzer*, tvm::runtime::Optional<tvm::arith::SimplifyConfig>)
  28: tvm::arith::StmtSimplifier::VisitStmt(tvm::tir::Stmt const&)
  27: _ZZN3tvm3tir11StmtFunctorIFNS0_4StmtERKS2_EE10InitVTableEvENUlRKNS_7r
  26: tvm::arith::StmtSimplifier::VisitStmt_(tvm::tir::ForNode const*)
  25: tvm::arith::IRMutatorWithAnalyzer::VisitStmt_(tvm::tir::ForNode const*)
  24: tvm::tir::StmtMutator::VisitStmt_(tvm::tir::ForNode const*)
  23: tvm::arith::StmtSimplifier::VisitStmt(tvm::tir::Stmt const&)
  22: _ZZN3tvm3tir11StmtFunctorIFNS0_4StmtERKS2_EE10InitVTableEvENUlRKNS_7r
  21: tvm::arith::StmtSimplifier::VisitStmt_(tvm::tir::BufferStoreNode const*)
  20: tvm::tir::StmtMutator::VisitStmt_(tvm::tir::BufferStoreNode const*)
  19: tvm::arith::StmtSimplifier::VisitExpr(tvm::PrimExpr const&)
  18: tvm::arith::Analyzer::Simplify(tvm::PrimExpr const&, int)
  17: tvm::arith::CanonicalSimplifier::operator()(tvm::PrimExpr const&)
  16: non-virtual thunk to tvm::arith::CanonicalSimplifier::Impl::VisitExpr(tvm::PrimExpr const&)
  15: tvm::tir::ExprFunctor<tvm::PrimExpr (tvm::PrimExpr const&)>::VisitExpr(tvm::PrimExpr const&)
  14: _ZZN3tvm3tir11ExprFunctorIFNS_8PrimExprERKS2_EE10InitVTableEvENUlRKNS
  13: tvm::arith::RewriteSimplifier::Impl::VisitExpr_(tvm::tir::CallNode const*)
  12: tvm::arith::IRMutatorWithAnalyzer::VisitExpr_(tvm::tir::CallNode const*)
  11: tvm::tir::ExprMutator::VisitExpr_(tvm::tir::CallNode const*)
  10: non-virtual thunk to tvm::arith::CanonicalSimplifier::Impl::VisitExpr(tvm::PrimExpr const&)
  9: tvm::tir::ExprFunctor<tvm::PrimExpr (tvm::PrimExpr const&)>::VisitExpr(tvm::PrimExpr const&)
  8: _ZZN3tvm3tir11ExprFunctorIFNS_8PrimExprERKS2_EE10InitVTableEvENUlRKNS_7r
  7: tvm::arith::RewriteSimplifier::Impl::VisitExpr_(tvm::tir::SelectNode const*)
  6: tvm::arith::IRMutatorWithAnalyzer::VisitExpr_(tvm::tir::SelectNode const*)
  5: tvm::arith::CanonicalSimplifier::Impl::VisitExpr(tvm::PrimExpr const&)
  4: tvm::tir::ExprFunctor<tvm::PrimExpr (tvm::PrimExpr const&)>::VisitExpr(tvm::PrimExpr const&)
  3: _ZZN3tvm3tir11ExprFunctorIFNS_8PrimExprERKS2_EE10InitVTableEvENUlRKNS
  2: tvm::arith::CanonicalSimplifier::Impl::VisitExpr_(tvm::tir::DivNode const*)
  1: tvm::arith::RewriteSimplifier::Impl::VisitExpr_(tvm::tir::DivNode const*)
  0: tvm::runtime::Optional<tvm::PrimExpr> tvm::arith::TryConstFold<tvm::tir::Div>(tvm::PrimExpr, tvm::PrimExpr)
  File "/softwares/tvm/src/arith/const_fold.h", line 247
TVMError: 
---------------------------------------------------------------
An error occurred during the execution of TVM.
For more information, please see: https://tvm.apache.org/docs/errors.html
---------------------------------------------------------------

  Check failed: fb->value != 0 (0 vs. 0) : Divide by zero
