Traceback (most recent call last):
  File "/softwares/miniconda3/lib/python3.9/site-packages/nnsmith/backends/factory.py", line 69, in checked_compile
    return self.checked_make_backend(testcase.model)
  File "/softwares/miniconda3/lib/python3.9/site-packages/nnsmith/backends/factory.py", line 65, in checked_make_backend
    return self.make_backend(model)
  File "/softwares/miniconda3/lib/python3.9/site-packages/multipledispatch/dispatcher.py", line 435, in __call__
    return func(self.obj, *args, **kwargs)
  File "/softwares/miniconda3/lib/python3.9/site-packages/nnsmith/backends/tvm.py", line 70, in make_backend
    mod, params = relay.frontend.from_onnx(
  File "/softwares/tvm/python/tvm/relay/frontend/onnx.py", line 7095, in from_onnx
    mod = relay.transform.DynamicToStatic()(mod)
  File "/softwares/tvm/python/tvm/ir/transform.py", line 161, in __call__
    return _ffi_transform_api.RunPass(self, mod)
  File "/softwares/tvm/python/tvm/_ffi/_ctypes/packed_func.py", line 237, in __call__
    raise get_last_ffi_error()
tvm._ffi.base.TVMError: Traceback (most recent call last):
  16: TVMFuncCall
  15: tvm::runtime::PackedFuncObj::Extractor<tvm::runtime::PackedFuncSubObj<tvm::runtime::TypedPackedFunc<tvm::IRModule (tvm::transform::Pass, tvm::IRModule)>::AssignTypedLambda<tvm::transform::{lambda(tvm::transform::Pass, tvm::IRModule)#7}>(tvm::transform::{lambda(tvm::transform::Pass, tvm::IRModule)#7}, std::__cxx11::basic_string<char, std::char_traits<char>, std::allocator<char> >)::{lambda(tvm::runtime::TVMArgs const&, tvm::runtime::TVMRetValue*)#1}> >::Call(tvm::runtime::PackedFuncObj const*, tvm::runtime::TVMArgs, tvm::runtime::TVMRetValue*)
  14: tvm::transform::Pass::operator()(tvm::IRModule) const
  13: tvm::transform::Pass::operator()(tvm::IRModule, tvm::transform::PassContext const&) const
  12: tvm::relay::transform::FunctionPassNode::operator()(tvm::IRModule, tvm::transform::PassContext const&) const
  11: tvm::runtime::PackedFuncObj::Extractor<tvm::runtime::PackedFuncSubObj<tvm::runtime::TypedPackedFunc<tvm::relay::Function (tvm::relay::Function, tvm::IRModule, tvm::transform::PassContext)>::AssignTypedLambda<tvm::relay::transform::DynamicToStatic()::{lambda(tvm::relay::Function, tvm::IRModule, tvm::transform::PassContext)#1}>(tvm::relay::transform::DynamicToStatic()::{lambda(tvm::relay::Function, tvm::IRModule, tvm::transform::PassContext)#1})::{lambda(tvm::runtime::TVMArgs const&, tvm::runtime::TVMRetValue*)#1}> >::Call(tvm::runtime::PackedFuncObj const*, tvm::runtime::TVMArgs, tvm::runtime::TVMRetValue*)
  10: tvm::relay::DynamicToStatic(tvm::relay::Function, tvm::IRModule)
  9: tvm::relay::DynamicToStaticMutator::PrepareInput(tvm::RelayExpr const&)
  8: tvm::transform::Pass::operator()(tvm::IRModule) const
  7: tvm::transform::Pass::operator()(tvm::IRModule, tvm::transform::PassContext const&) const
  6: tvm::relay::transform::FunctionPassNode::operator()(tvm::IRModule, tvm::transform::PassContext const&) const
  5: tvm::transform::Pass::operator()(tvm::IRModule) const
  4: tvm::transform::Pass::operator()(tvm::IRModule, tvm::transform::PassContext const&) const
  3: tvm::transform::ModulePassNode::operator()(tvm::IRModule, tvm::transform::PassContext const&) const
  2: tvm::runtime::PackedFuncObj::Extractor<tvm::runtime::PackedFuncSubObj<tvm::runtime::TypedPackedFunc<tvm::IRModule (tvm::IRModule, tvm::transform::PassContext)>::AssignTypedLambda<tvm::relay::transform::InferType()::{lambda(tvm::IRModule, tvm::transform::PassContext const&)#1}>(tvm::relay::transform::InferType()::{lambda(tvm::IRModule, tvm::transform::PassContext const&)#1})::{lambda(tvm::runtime::TVMArgs const&, tvm::runtime::TVMRetValue*)#1}> >::Call(tvm::runtime::PackedFuncObj const*, tvm::runtime::TVMArgs, tvm::runtime::TVMRetValue*)
  1: tvm::relay::TypeInferencer::Infer(tvm::GlobalVar, tvm::relay::Function)
  0: tvm::relay::TypeSolver::Solve()
  19: TVMFuncCall
  18: tvm::runtime::PackedFuncObj::Extractor<tvm::runtime::PackedFuncSubObj<tvm::runtime::TypedPackedFunc<tvm::IRModule (tvm::transform::Pass, tvm::IRModule)>::AssignTypedLambda<tvm::transform::{lambda(tvm::transform::Pass, tvm::IRModule)#7}>(tvm::transform::{lambda(tvm::transform::Pass, tvm::IRModule)#7}, std::__cxx11::basic_string<char, std::char_traits<char>, std::allocator<char> >)::{lambda(tvm::runtime::TVMArgs const&, tvm::runtime::TVMRetValue*)#1}> >::Call(tvm::runtime::PackedFuncObj const*, tvm::runtime::TVMArgs, tvm::runtime::TVMRetValue*)
  17: tvm::transform::Pass::operator()(tvm::IRModule) const
  16: tvm::transform::Pass::operator()(tvm::IRModule, tvm::transform::PassContext const&) const
  15: tvm::relay::transform::FunctionPassNode::operator()(tvm::IRModule, tvm::transform::PassContext const&) const
  14: tvm::runtime::PackedFuncObj::Extractor<tvm::runtime::PackedFuncSubObj<tvm::runtime::TypedPackedFunc<tvm::relay::Function (tvm::relay::Function, tvm::IRModule, tvm::transform::PassContext)>::AssignTypedLambda<tvm::relay::transform::DynamicToStatic()::{lambda(tvm::relay::Function, tvm::IRModule, tvm::transform::PassContext)#1}>(tvm::relay::transform::DynamicToStatic()::{lambda(tvm::relay::Function, tvm::IRModule, tvm::transform::PassContext)#1})::{lambda(tvm::runtime::TVMArgs const&, tvm::runtime::TVMRetValue*)#1}> >::Call(tvm::runtime::PackedFuncObj const*, tvm::runtime::TVMArgs, tvm::runtime::TVMRetValue*)
  13: tvm::relay::DynamicToStatic(tvm::relay::Function, tvm::IRModule)
  12: tvm::relay::DynamicToStaticMutator::PrepareInput(tvm::RelayExpr const&)
  11: tvm::transform::Pass::operator()(tvm::IRModule) const
  10: tvm::transform::Pass::operator()(tvm::IRModule, tvm::transform::PassContext const&) const
  9: tvm::relay::transform::FunctionPassNode::operator()(tvm::IRModule, tvm::transform::PassContext const&) const
  8: tvm::transform::Pass::operator()(tvm::IRModule) const
  7: tvm::transform::Pass::operator()(tvm::IRModule, tvm::transform::PassContext const&) const
  6: tvm::transform::ModulePassNode::operator()(tvm::IRModule, tvm::transform::PassContext const&) const
  5: tvm::runtime::PackedFuncObj::Extractor<tvm::runtime::PackedFuncSubObj<tvm::runtime::TypedPackedFunc<tvm::IRModule (tvm::IRModule, tvm::transform::PassContext)>::AssignTypedLambda<tvm::relay::transform::InferType()::{lambda(tvm::IRModule, tvm::transform::PassContext const&)#1}>(tvm::relay::transform::InferType()::{lambda(tvm::IRModule, tvm::transform::PassContext const&)#1})::{lambda(tvm::runtime::TVMArgs const&, tvm::runtime::TVMRetValue*)#1}> >::Call(tvm::runtime::PackedFuncObj const*, tvm::runtime::TVMArgs, tvm::runtime::TVMRetValue*)
  4: tvm::relay::TypeInferencer::Infer(tvm::GlobalVar, tvm::relay::Function)
  3: tvm::relay::TypeSolver::Solve()
  2: _ZN3tvm7runtime13PackedFun
  1: tvm::runtime::TypedPackedFunc<bool (tvm::runtime::Array<tvm::Type, void> const&, int, tvm::Attrs const&, tvm::TypeReporter const&)>::AssignTypedLambda<bool (*)(tvm::runtime::Array<tvm::Type, void> const&, int, tvm::Attrs const&, tvm::TypeReporter const&)>(bool (*)(tvm::runtime::Array<tvm::Type, void> const&, int, tvm::Attrs const&, tvm::TypeReporter const&))::{lambda(tvm::runtime::TVMArgs const&, tvm::runtime::TVMRetValue*)#1}::operator()(tvm::runtime::TVMArgs const&, tvm::runtime::TVMRetValue*) const
  0: bool tvm::relay::BatchMatmulRel<tvm::relay::BatchMatmulAttrs>(tvm::runtime::Array<tvm::Type, void> const&, int, tvm::Attrs const&, tvm::TypeReporter const&)
  File "/softwares/tvm/src/relay/analysis/type_solver.cc", line 624
TVMError: 
---------------------------------------------------------------
An error occurred during the execution of TVM.
For more information, please see: https://tvm.apache.org/docs/errors.html
---------------------------------------------------------------
  Check failed: (false) is false: [08:31:49] /softwares/tvm/src/relay/op/nn/nn.h:212: 
---------------------------------------------------------------
An error occurred during the execution of TVM.
For more information, please see: https://tvm.apache.org/docs/errors.html
---------------------------------------------------------------
  Check failed: (reporter->AssertEQ(xk, yk)) is false: BatchDot: shapes of x and y is inconsistent,  x shape=[T.int64(14), 1, 1], y shape=[T.int64(1), 1, 14]

