Traceback (most recent call last):
  File "/softwares/miniconda3/lib/python3.9/site-packages/nnsmith/backends/factory.py", line 69, in checked_compile
    return self.checked_make_backend(testcase.model)
  File "/softwares/miniconda3/lib/python3.9/site-packages/nnsmith/backends/factory.py", line 65, in checked_make_backend
    return self.make_backend(model)
  File "/softwares/miniconda3/lib/python3.9/site-packages/multipledispatch/dispatcher.py", line 435, in __call__
    return func(self.obj, *args, **kwargs)
  File "/softwares/miniconda3/lib/python3.9/site-packages/nnsmith/backends/tvm.py", line 76, in make_backend
    executor = relay.build_module.create_executor(
  File "/softwares/tvm/python/tvm/relay/backend/interpreter.py", line 171, in evaluate
    return self._make_executor()
  File "/softwares/tvm/python/tvm/relay/build_module.py", line 519, in _make_executor
    mod = build(self.mod, target=self.target)
  File "/softwares/tvm/python/tvm/relay/build_module.py", line 364, in build
    graph_json, runtime_mod, params = bld_mod.build(
  File "/softwares/tvm/python/tvm/relay/build_module.py", line 161, in build
    self._build(
  File "/softwares/tvm/python/tvm/_ffi/_ctypes/packed_func.py", line 237, in __call__
    raise get_last_ffi_error()
ValueError: Traceback (most recent call last):
  59: TVMFuncCall
  58: tvm::relay::backend::RelayBuildModule::GetFunction(std::__cxx11::basic_string<char, std::char_traits<char>, std::allocator<char> > const&, tvm::runtime::ObjectPtr<tvm::runtime::Object> const&)::{lambda(tvm::runtime::TVMArgs, tvm::runtime::TVMRetValue*)#3}::operator()(tvm::runtime::TVMArgs, tvm::runtime::TVMRetValue*) const
  57: tvm::relay::backend::RelayBuildModule::Build(tvm::IRModule, tvm::runtime::Array<tvm::Target, void> const&, tvm::Target const&, tvm::relay::Executor const&, tvm::relay::Runtime const&, tvm::WorkspaceMemoryPools const&, tvm::ConstantMemoryPools const&, tvm::runtime::String)
  56: tvm::relay::backend::RelayBuildModule::BuildRelay(tvm::IRModule, tvm::runtime::String const&)
  55: tvm::runtime::PackedFuncObj::Extractor<tvm::runtime::PackedFuncSubObj<tvm::relay::backend::GraphExecutorCodegenModule::GetFunction(std::__cxx11::basic_string<char, std::char_traits<char>, std::allocator<char> > const&, tvm::runtime::ObjectPtr<tvm::runtime::Object> const&)::{lambda(tvm::runtime::TVMArgs, tvm::runtime::TVMRetValue*)#2}> >::Call(tvm::runtime::PackedFuncObj const*, tvm::runtime::TVMArgs, tvm::runtime::TVMRetValue*)
  54: tvm::relay::backend::GraphExecutorCodegen::Codegen(tvm::IRModule, tvm::relay::Function, tvm::runtime::String)
  53: tvm::transform::Pass::operator()(tvm::IRModule) const
  52: tvm::transform::Pass::operator()(tvm::IRModule, tvm::transform::PassContext const&) const
  51: tvm::transform::SequentialNode::operator()(tvm::IRModule, tvm::transform::PassContext const&) const
  50: tvm::transform::Pass::operator()(tvm::IRModule, tvm::transform::PassContext const&) const
  49: tvm::transform::ModulePassNode::operator()(tvm::IRModule, tvm::transform::PassContext const&) const
  48: tvm::runtime::PackedFuncObj::Extractor<tvm::runtime::PackedFuncSubObj<tvm::runtime::TypedPackedFunc<tvm::IRModule (tvm::IRModule, tvm::transform::PassContext)>::AssignTypedLambda<tvm::relay::tec::LowerTE(tvm::runtime::String, tvm::CompilationConfig, std::function<void (tvm::BaseFunc)>)::{lambda(tvm::IRModule, tvm::transform::PassContext)#1}>(tvm::relay::tec::LowerTE(tvm::runtime::String, tvm::CompilationConfig, std::function<void (tvm::BaseFunc)>)::{lambda(tvm::IRModule, tvm::transform::PassContext)#1})::{lambda(tvm::runtime::TVMArgs const&, tvm::runtime::TVMRetValue*)#1}> >::Call(tvm::runtime::PackedFuncObj const*, tvm::runtime::TVMArgs, tvm::runtime::TVMRetValue*)
  47: tvm::relay::tec::LowerTE(tvm::IRModule const&, tvm::runtime::String const&, std::function<void (tvm::BaseFunc)>, tvm::CompilationConfig)
  46: tvm::transform::Pass::operator()(tvm::IRModule) const
  45: tvm::transform::Pass::operator()(tvm::IRModule, tvm::transform::PassContext const&) const
  44: tvm::relay::transform::FunctionPassNode::operator()(tvm::IRModule, tvm::transform::PassContext const&) const
  43: tvm::runtime::PackedFuncObj::Extractor<tvm::runtime::PackedFuncSubObj<tvm::runtime::TypedPackedFunc<tvm::relay::Function (tvm::relay::Function, tvm::IRModule, tvm::transform::PassContext)>::AssignTypedLambda<tvm::relay::tec::LowerTensorExpr(tvm::relay::tec::TECompiler, std::function<void (tvm::BaseFunc)>, tvm::CompilationConfig)::{lambda(tvm::relay::Function, tvm::IRModule, tvm::transform::PassContext)#1}>(tvm::relay::tec::LowerTensorExpr(tvm::relay::tec::TECompiler, std::function<void (tvm::BaseFunc)>, tvm::CompilationConfig)::{lambda(tvm::relay::Function, tvm::IRModule, tvm::transform::PassContext)#1})::{lambda(tvm::runtime::TVMArgs const&, tvm::runtime::TVMRetValue*)#1}> >::Call(tvm::runtime::PackedFuncObj const*, tvm::runtime::TVMArgs, tvm::runtime::TVMRetValue*)
  42: tvm::relay::ExprMutator::VisitExpr(tvm::RelayExpr const&)
  41: tvm::relay::ExprFunctor<tvm::RelayExpr (tvm::RelayExpr const&)>::VisitExpr(tvm::RelayExpr const&)
  40: _ZZN3tvm5relay11ExprFunctorIFNS_9RelayExprERKS2_EE10InitVTableEvENUlR
  39: tvm::relay::transform::DeviceAwareExprMutator::VisitExpr_(tvm::relay::FunctionNode const*)
  38: tvm::relay::tec::LowerTensorExprMutator::DeviceAwareVisitExpr_(tvm::relay::FunctionNode const*)
  37: _ZN3tvm5relay9transform22DeviceAwareExprMutator21DeviceAwar
  36: tvm::relay::ExprMutator::VisitExpr_(tvm::relay::FunctionNode const*)
  35: tvm::relay::ExprMutator::VisitExpr(tvm::RelayExpr const&)
  34: tvm::relay::ExprFunctor<tvm::RelayExpr (tvm::RelayExpr const&)>::VisitExpr(tvm::RelayExpr const&)
  33: _ZZN3tvm5relay11ExprFunctorIFNS_9RelayExprERKS2_EE10InitVTableEvENUlR
  32: tvm::relay::ExprMutator::VisitExpr_(tvm::relay::TupleNode const*)
  31: tvm::relay::ExprMutator::VisitExpr(tvm::RelayExpr const&)
  30: tvm::relay::ExprFunctor<tvm::RelayExpr (tvm::RelayExpr const&)>::VisitExpr(tvm::RelayExpr const&)
  29: _ZZN3tvm5relay11ExprFunctorIFNS_9RelayExprERKS2_EE10InitVTableEvENUlR
  28: tvm::relay::transform::DeviceAwareExprMutator::VisitExpr_(tvm::relay::CallNode const*)
  27: tvm::relay::tec::LowerTensorExprMutator::DeviceAwareVisitExpr_(tvm::relay::CallNode const*)
  26: tvm::relay::ExprMutator::VisitExpr(tvm::RelayExpr const&)
  25: tvm::relay::ExprFunctor<tvm::RelayExpr (tvm::RelayExpr const&)>::VisitExpr(tvm::RelayExpr const&)
  24: _ZZN3tvm5relay11ExprFunctorIFNS_9RelayExprERKS2_EE10InitVTableEvENUlR
  23: tvm::relay::transform::DeviceAwareExprMutator::VisitExpr_(tvm::relay::CallNode const*)
  22: tvm::relay::tec::LowerTensorExprMutator::DeviceAwareVisitExpr_(tvm::relay::CallNode const*)
  21: tvm::relay::tec::TECompilerImpl::Lower(tvm::relay::tec::CCacheKey const&)
  20: tvm::relay::tec::TECompilerImpl::LowerInternal(tvm::relay::tec::CCacheKey const&, tvm::GlobalVarSupply)
  19: tvm::relay::tec::PrimFuncFor(tvm::relay::Function const&, tvm::Target const&, tvm::GlobalVarSupply, tvm::NameSupply)
  18: tvm::relay::tec::ScheduleBuilder::Create(tvm::relay::Function const&, tvm::GlobalVarSupply, tvm::NameSupply)
  17: tvm::relay::tec::LowerToTECompute::Lower(tvm::relay::Function const&)
  16: tvm::relay::backend::MemoizedExprTranslator<tvm::runtime::Array<tvm::te::Tensor, void> >::VisitExpr(tvm::RelayExpr const&)
  15: tvm::relay::ExprFunctor<tvm::runtime::Array<tvm::te::Tensor, void> (tvm::RelayExpr const&)>::VisitExpr(tvm::RelayExpr const&)
  14: _ZZN3tvm5relay11ExprFunctorIFNS_7runtime5ArrayINS_2te6TensorEvEERKNS_
  13: tvm::relay::tec::LowerToTECompute::VisitExpr_(tvm::relay::CallNode const*)
  12: tvm::relay::backend::MemoizedExprTranslator<tvm::runtime::Array<tvm::te::Tensor, void> >::VisitExpr(tvm::RelayExpr const&)
  11: tvm::relay::ExprFunctor<tvm::runtime::Array<tvm::te::Tensor, void> (tvm::RelayExpr const&)>::VisitExpr(tvm::RelayExpr const&)
  10: _ZZN3tvm5relay11ExprFunctorIFNS_7runtime5ArrayINS_2te6TensorEvEERKNS_
  9: tvm::relay::tec::LowerToTECompute::VisitExpr_(tvm::relay::CallNode const*)
  8: tvm::relay::backend::MemoizedExprTranslator<tvm::runtime::Array<tvm::te::Tensor, void> >::VisitExpr(tvm::RelayExpr const&)
  7: tvm::relay::ExprFunctor<tvm::runtime::Array<tvm::te::Tensor, void> (tvm::RelayExpr const&)>::VisitExpr(tvm::RelayExpr const&)
  6: _ZZN3tvm5relay11ExprFunctorIFNS_7runtime5ArrayINS_2te6TensorEvEERKNS_
  5: tvm::relay::tec::LowerToTECompute::VisitExpr_(tvm::relay::CallNode const*)
  4: tvm::relay::backend::MemoizedExprTranslator<tvm::runtime::Array<tvm::te::Tensor, void> >::VisitExpr(tvm::RelayExpr const&)
  3: tvm::relay::ExprFunctor<tvm::runtime::Array<tvm::te::Tensor, void> (tvm::RelayExpr const&)>::VisitExpr(tvm::RelayExpr const&)
  2: _ZZN3tvm5relay11ExprFunctorIFNS_7runtime5ArrayINS_2te6TensorEvEERKNS_
  1: tvm::relay::tec::LowerToTECompute::VisitExpr_(tvm::relay::CallNode const*)
  0: tvm::runtime::PackedFuncObj::Extractor<tvm::runtime::PackedFuncSubObj<TVMFuncCreateFromCFunc::{lambda(tvm::runtime::TVMArgs, tvm::runtime::TVMRetValue*)#2}> >::Call(tvm::runtime::PackedFuncObj const*, tvm::runtime::TVMArgs, tvm::runtime::TVMRetValue*)
  File "/softwares/tvm/python/tvm/_ffi/_ctypes/packed_func.py", line 81, in cfun
    rv = local_pyfunc(*pyargs)
  File "/softwares/tvm/python/tvm/relay/backend/te_compiler.py", line 320, in lower_call
    best_impl, outputs = select_implementation(op, call.attrs, inputs, ret_type, target)
  File "/softwares/tvm/python/tvm/relay/backend/te_compiler.py", line 207, in select_implementation
    outs = impl.compute(attrs, inputs, out_type)
  File "/softwares/tvm/python/tvm/relay/op/op.py", line 126, in compute
    return _OpImplementationCompute(self, attrs, inputs, out_type)
  File "/softwares/tvm/python/tvm/_ffi/_ctypes/packed_func.py", line 237, in __call__
    raise get_last_ffi_error()
  3: TVMFuncCall
  2: tvm::runtime::PackedFuncObj::Extractor<tvm::runtime::PackedFuncSubObj<tvm::relay::{lambda(tvm::runtime::TVMArgs, tvm::runtime::TVMRetValue*)#4}> >::Call(tvm::runtime::PackedFuncObj const*, tvm::runtime::TVMArgs, tvm::runtime::TVMRetValue*)
  1: tvm::relay::OpImplementation::Compute(tvm::Attrs const&, tvm::runtime::Array<tvm::te::Tensor, void> const&, tvm::Type const&)
  0: tvm::runtime::PackedFuncObj::Extractor<tvm::runtime::PackedFuncSubObj<TVMFuncCreateFromCFunc::{lambda(tvm::runtime::TVMArgs, tvm::runtime::TVMRetValue*)#2}> >::Call(tvm::runtime::PackedFuncObj const*, tvm::runtime::TVMArgs, tvm::runtime::TVMRetValue*)
  File "/softwares/tvm/python/tvm/_ffi/_ctypes/packed_func.py", line 81, in cfun
    rv = local_pyfunc(*pyargs)
  File "/softwares/tvm/python/tvm/relay/op/image/_image.py", line 145, in compute_resize2d
    topi.image.resize2d(
  File "/softwares/tvm/python/tvm/topi/image/resize.py", line 869, in resize2d
    raise ValueError("%s layout is not supported." % layout)
ValueError: WCHN layout is not supported.
