Traceback (most recent call last):
  File "/softwares/miniconda3/lib/python3.9/site-packages/nnsmith/backends/factory.py", line 69, in checked_compile
    return self.checked_make_backend(testcase.model)
  File "/softwares/miniconda3/lib/python3.9/site-packages/nnsmith/backends/factory.py", line 65, in checked_make_backend
    return self.make_backend(model)
  File "/softwares/miniconda3/lib/python3.9/site-packages/multipledispatch/dispatcher.py", line 435, in __call__
    return func(self.obj, *args, **kwargs)
  File "/softwares/miniconda3/lib/python3.9/site-packages/nnsmith/backends/tvm.py", line 76, in make_backend
    executor = relay.build_module.create_executor(
  File "/softwares/tvm/python/tvm/relay/backend/interpreter.py", line 171, in evaluate
    return self._make_executor()
  File "/softwares/tvm/python/tvm/relay/build_module.py", line 624, in _make_executor
    mod = build(self.mod, target=self.target)
  File "/softwares/tvm/python/tvm/relay/build_module.py", line 478, in build
    graph_json, runtime_mod, params = bld_mod.build(
  File "/softwares/tvm/python/tvm/relay/build_module.py", line 202, in build
    self._build(mod, target, target_host, executor, runtime, workspace_memory_pools, mod_name)
  File "/softwares/tvm/python/tvm/_ffi/_ctypes/packed_func.py", line 237, in __call__
    raise get_last_ffi_error()
tvm._ffi.base.TVMError: Traceback (most recent call last):
  69: TVMFuncCall
  68: _ZN3tvm7runtime13PackedFuncObj9ExtractorINS0_1
  67: tvm::relay::backend::RelayBuildModule::GetFunction(std::__cxx11::basic_string<char, std::char_traits<char>, std::allocator<char> > const&, tvm::runtime::ObjectPtr<tvm::runtime::Object> const&)::{lambda(tvm::runtime::TVMArgs, tvm::runtime::TVMRetValue*)#3}::operator()(tvm::runtime::TVMArgs, tvm::runtime::TVMRetValue*) const
  66: tvm::relay::backend::RelayBuildModule::Build(tvm::IRModule, tvm::runtime::Map<tvm::Integer, tvm::Target, void, void> const&, tvm::Target const&, tvm::relay::Executor const&, tvm::relay::Runtime const&, tvm::WorkspaceMemoryPools const&, tvm::runtime::String)
  65: tvm::relay::backend::RelayBuildModule::BuildRelay(tvm::IRModule, tvm::runtime::String const&)
  64: tvm::relay::backend::ExecutorCodegen::Codegen(tvm::IRModule, tvm::relay::Function const&, tvm::runtime::String)
  63: tvm::runtime::PackedFuncObj::Extractor<tvm::runtime::PackedFuncSubObj<tvm::relay::backend::GraphExecutorCodegenModule::GetFunction(std::__cxx11::basic_string<char, std::char_traits<char>, std::allocator<char> > const&, tvm::runtime::ObjectPtr<tvm::runtime::Object> const&)::{lambda(tvm::runtime::TVMArgs, tvm::runtime::TVMRetValue*)#2}> >::Call(tvm::runtime::PackedFuncObj const*, tvm::runtime::TVMArgs, tvm::runtime::TVMRetValue*)
  62: tvm::relay::backend::GraphExecutorCodegen::Codegen(tvm::IRModule, tvm::relay::Function, tvm::runtime::String)
  61: tvm::transform::Pass::operator()(tvm::IRModule) const
  60: tvm::transform::Pass::operator()(tvm::IRModule, tvm::transform::PassContext const&) const
  59: tvm::transform::SequentialNode::operator()(tvm::IRModule, tvm::transform::PassContext const&) const
  58: tvm::transform::Pass::operator()(tvm::IRModule, tvm::transform::PassContext const&) const
  57: tvm::transform::ModulePassNode::operator()(tvm::IRModule, tvm::transform::PassContext const&) const
  56: tvm::runtime::PackedFuncObj::Extractor<tvm::runtime::PackedFuncSubObj<tvm::runtime::TypedPackedFunc<tvm::IRModule (tvm::IRModule, tvm::transform::PassContext)>::AssignTypedLambda<tvm::relay::tec::LowerTEPass(tvm::runtime::String const&, std::function<void (tvm::BaseFunc)>, tvm::VirtualDevice)::{lambda(tvm::IRModule, tvm::transform::PassContext)#1}>(tvm::relay::tec::LowerTEPass(tvm::runtime::String const&, std::function<void (tvm::BaseFunc)>, tvm::VirtualDevice)::{lambda(tvm::IRModule, tvm::transform::PassContext)#1})::{lambda(tvm::runtime::TVMArgs const&, tvm::runtime::TVMRetValue*)#1}> >::Call(tvm::runtime::PackedFuncObj const*, tvm::runtime::TVMArgs, tvm::runtime::TVMRetValue*)
  55: tvm::relay::tec::LowerTE(tvm::IRModule const&, tvm::runtime::String const&, std::function<void (tvm::BaseFunc)>, tvm::VirtualDevice)
  54: tvm::transform::Pass::operator()(tvm::IRModule) const
  53: tvm::transform::Pass::operator()(tvm::IRModule, tvm::transform::PassContext const&) const
  52: tvm::relay::transform::FunctionPassNode::operator()(tvm::IRModule, tvm::transform::PassContext const&) const
  51: _ZN3tvm7runtime13PackedFuncObj9ExtractorIN
  50: tvm::runtime::TypedPackedFunc<tvm::relay::Function (tvm::relay::Function, tvm::IRModule, tvm::transform::PassContext)>::AssignTypedLambda<tvm::relay::tec::LowerTensorExpr(tvm::runtime::String const&, tvm::relay::tec::TECompiler, std::function<void (tvm::BaseFunc)>, tvm::VirtualDevice)::{lambda(tvm::relay::Function, tvm::IRModule, tvm::transform::PassContext)#1}>(tvm::relay::tec::LowerTensorExpr(tvm::runtime::String const&, tvm::relay::tec::TECompiler, std::function<void (tvm::BaseFunc)>, tvm::VirtualDevice)::{lambda(tvm::relay::Function, tvm::IRModule, tvm::transform::PassContext)#1})::{lambda(tvm::runtime::TVMArgs const&, tvm::runtime::TVMRetValue*)#1}::operator()(tvm::runtime::TVMArgs const&, tvm::runtime::TVMRetValue*) const
  49: tvm::relay::ExprMutator::VisitExpr(tvm::RelayExpr const&)
  48: tvm::relay::ExprFunctor<tvm::RelayExpr (tvm::RelayExpr const&)>::VisitExpr(tvm::RelayExpr const&)
  47: _ZZN3tvm5relay11ExprFunctorIFNS_9RelayExprERKS2_EE10InitVTableEvENUlRKNS_7runtime9Obj
  46: tvm::relay::transform::DeviceAwareExprMutator::VisitExpr_(tvm::relay::FunctionNode const*)
  45: tvm::relay::tec::LowerTensorExprMutator::DeviceAwareVisitExpr_(tvm::relay::FunctionNode const*)
  44: _ZN3tvm5relay9transform22DeviceAwareExprMutator21DeviceAwareVisitExpr_EPKNS
  43: tvm::relay::ExprMutator::VisitExpr_(tvm::relay::FunctionNode const*)
  42: tvm::relay::ExprMutator::VisitExpr(tvm::RelayExpr const&)
  41: tvm::relay::ExprFunctor<tvm::RelayExpr (tvm::RelayExpr const&)>::VisitExpr(tvm::RelayExpr const&)
  40: _ZZN3tvm5relay11ExprFunctorIFNS_9RelayExprERKS2_EE10InitVTableEvENUlRKNS_7runtime9Obj
  39: tvm::relay::ExprMutator::VisitExpr_(tvm::relay::TupleNode const*)
  38: tvm::relay::ExprMutator::VisitExpr(tvm::RelayExpr const&)
  37: tvm::relay::ExprFunctor<tvm::RelayExpr (tvm::RelayExpr const&)>::VisitExpr(tvm::RelayExpr const&)
  36: _ZZN3tvm5relay11ExprFunctorIFNS_9RelayExprERKS2_EE10InitVTableEvENUlRKNS_7runtime9Obj
  35: tvm::relay::transform::DeviceAwareExprMutator::VisitExpr_(tvm::relay::CallNode const*)
  34: tvm::relay::tec::LowerTensorExprMutator::DeviceAwareVisitExpr_(tvm::relay::CallNode const*)
  33: tvm::relay::ExprMutator::VisitExpr(tvm::RelayExpr const&)
  32: tvm::relay::ExprFunctor<tvm::RelayExpr (tvm::RelayExpr const&)>::VisitExpr(tvm::RelayExpr const&)
  31: _ZZN3tvm5relay11ExprFunctorIFNS_9RelayExprERKS2_EE10InitVTableEvENUlRKNS_7runtime9Obj
  30: tvm::relay::transform::DeviceAwareExprMutator::VisitExpr_(tvm::relay::CallNode const*)
  29: tvm::relay::tec::LowerTensorExprMutator::DeviceAwareVisitExpr_(tvm::relay::CallNode const*)
  28: tvm::relay::ExprMutator::VisitExpr(tvm::RelayExpr const&)
  27: tvm::relay::ExprFunctor<tvm::RelayExpr (tvm::RelayExpr const&)>::VisitExpr(tvm::RelayExpr const&)
  26: _ZZN3tvm5relay11ExprFunctorIFNS_9RelayExprERKS2_EE10InitVTableEvENUlRKNS_7runtime9Obj
  25: tvm::relay::transform::DeviceAwareExprMutator::VisitExpr_(tvm::relay::CallNode const*)
  24: tvm::relay::tec::LowerTensorExprMutator::DeviceAwareVisitExpr_(tvm::relay::CallNode const*)
  23: tvm::relay::tec::LowerTensorExprMutator::MakeLoweredCall(tvm::relay::Function, tvm::runtime::Array<tvm::RelayExpr, void>, tvm::Span, tvm::Target)
  22: tvm::relay::tec::TECompilerImpl::Lower(tvm::relay::tec::CCacheKey const&, tvm::runtime::String)
  21: tvm::relay::tec::TECompilerImpl::LowerInternal(tvm::relay::tec::CCacheKey const&, std::function<tvm::runtime::String (tvm::runtime::String)>)
  20: tvm::transform::Pass::operator()(tvm::IRModule) const
  19: tvm::transform::Pass::operator()(tvm::IRModule, tvm::transform::PassContext const&) const
  18: tvm::tir::transform::PrimFuncPassNode::operator()(tvm::IRModule, tvm::transform::PassContext const&) const
  17: tvm::runtime::PackedFuncObj::Extractor<tvm::runtime::PackedFuncSubObj<tvm::runtime::TypedPackedFunc<tvm::tir::PrimFunc (tvm::tir::PrimFunc, tvm::IRModule, tvm::transform::PassContext)>::AssignTypedLambda<tvm::tir::transform::BindParams(tvm::runtime::Array<tvm::runtime::NDArray, void> const&)::{lambda(tvm::tir::PrimFunc, tvm::IRModule, tvm::transform::PassContext)#1}>(tvm::tir::transform::BindParams(tvm::runtime::Array<tvm::runtime::NDArray, void> const&)::{lambda(tvm::tir::PrimFunc, tvm::IRModule, tvm::transform::PassContext)#1})::{lambda(tvm::runtime::TVMArgs const&, tvm::runtime::TVMRetValue*)#1}> >::Call(tvm::runtime::PackedFuncObj const*, tvm::runtime::TVMArgs, tvm::runtime::TVMRetValue*)
  16: tvm::tir::transform::BindParams(tvm::runtime::Array<tvm::runtime::NDArray, void> const&)::{lambda(tvm::tir::PrimFunc, tvm::IRModule, tvm::transform::PassContext)#1}::operator()(tvm::tir::PrimFunc, tvm::IRModule, tvm::transform::PassContext) const [clone .isra.200]
  15: tvm::tir::StmtFunctor<void (tvm::tir::Stmt const&)>::VisitStmt(tvm::tir::Stmt const&)
  14: _ZZN3tvm3tir11StmtFunctorIFvRKNS0_4StmtE
  13: tvm::tir::StmtVisitor::VisitStmt_(tvm::tir::ForNode const*)
  12: tvm::tir::StmtFunctor<void (tvm::tir::Stmt const&)>::VisitStmt(tvm::tir::Stmt const&)
  11: _ZZN3tvm3tir11StmtFunctorIFvRKNS0_4StmtE
  10: tvm::tir::StmtVisitor::VisitStmt_(tvm::tir::ForNode const*)
  9: tvm::tir::StmtFunctor<void (tvm::tir::Stmt const&)>::VisitStmt(tvm::tir::Stmt const&)
  8: _ZZN3tvm3tir11StmtFunctorIFvRKNS0_4StmtE
  7: tvm::tir::StmtVisitor::VisitStmt_(tvm::tir::ForNode const*)
  6: tvm::tir::StmtFunctor<void (tvm::tir::Stmt const&)>::VisitStmt(tvm::tir::Stmt const&)
  5: _ZZN3tvm3tir11StmtFunctorIFvRKNS0_4StmtE
  4: tvm::tir::StmtVisitor::VisitStmt_(tvm::tir::IfThenElseNode const*)
  3: tvm::tir::StmtFunctor<void (tvm::tir::Stmt const&)>::VisitStmt(tvm::tir::Stmt const&)
  2: _ZZN3tvm3tir11StmtFunctorIFvRKNS0_4StmtE
  1: tvm::tir::StmtVisitor::VisitStmt_(tvm::tir::LetStmtNode const*)
  0: tvm::tir::StmtExprVisitor::VisitExpr(tvm::PrimExpr const&)
  File "/softwares/tvm/include/tvm/node/functor.h", line 95
TVMError: 
---------------------------------------------------------------
An error occurred during the execution of TVM.
For more information, please see: https://tvm.apache.org/docs/errors.html
---------------------------------------------------------------
  Check failed: (can_dispatch(n)) is false: NodeFunctor calls un-registered function on type tir.IfThenElse
